<?xml version="1.0" encoding="UTF-8"?>
<testng-results ignored="0" total="1" passed="1" failed="0" skipped="0">
  <reporter-output>
  </reporter-output>
  <suite started-at="2024-02-29T23:05:07 IST" name="Default suite" finished-at="2024-02-29T23:05:30 IST" duration-ms="22963">
    <groups>
    </groups>
    <test started-at="2024-02-29T23:05:07 IST" name="Default test" finished-at="2024-02-29T23:05:30 IST" duration-ms="22963">
      <class name="testNg.immg1">
        <test-method signature="Immigrationmethod()[pri:0, instance:testNg.immg1@478190fc]" started-at="2024-02-29T23:05:07 IST" name="Immigrationmethod" finished-at="2024-02-29T23:05:30 IST" duration-ms="22887" status="PASS">
          <reporter-output>
          </reporter-output>
        </test-method> <!-- Immigrationmethod -->
      </class> <!-- testNg.immg1 -->
    </test> <!-- Default test -->
  </suite> <!-- Default suite -->
</testng-results>
